select pg_catalog.version()
[raw sql] ()
select current_schema()
[raw sql] ()
show standard_conforming_strings
[raw sql] ()
BEGIN (implicit)
SELECT 1
[generated in 0.00026s] ()
COMMIT
select pg_catalog.version()
[raw sql] ()
select current_schema()
[raw sql] ()
show standard_conforming_strings
[raw sql] ()
BEGIN (implicit)
SELECT 1
[generated in 0.00042s] ()
COMMIT
BEGIN (implicit)
SELECT 1
[cached since 1.288s ago] ()
ROLLBACK
select pg_catalog.version()
[raw sql] ()
select current_schema()
[raw sql] ()
show standard_conforming_strings
[raw sql] ()
BEGIN (implicit)
SELECT 1
[generated in 0.00031s] ()
COMMIT
BEGIN (implicit)
SELECT 1
[cached since 0.6806s ago] ()
ROLLBACK
